2025-09-01 15:03:51,250 , INFO , Request URL: 'https://login.microsoftonline.com/1f4a5522-5f5a-4974-8d95-9a032f4cf2e5/oauth2/v2.0/token'
Request method: 'POST'
Request headers:
    'Content-Type': 'application/x-www-form-urlencoded'
    'User-Agent': 'azsdk-python-identity/1.24.0 Python/3.13.5 (Windows-11-10.0.22621-SP0)'
A body is sent with the request
2025-09-01 15:03:51,414 , INFO , Response status: 200
Response headers:
    'Cache-Control': 'no-store, no-cache'
    'Pragma': 'no-cache'
    'Content-Type': 'application/json; charset=utf-8'
    'Expires': '-1'
    'Strict-Transport-Security': 'REDACTED'
    'X-Content-Type-Options': 'REDACTED'
    'P3P': 'REDACTED'
    'x-ms-request-id': 'e61db125-d0e0-438b-956f-b2867044de00'
    'x-ms-ests-server': 'REDACTED'
    'x-ms-srs': 'REDACTED'
    'Content-Security-Policy-Report-Only': 'REDACTED'
    'X-XSS-Protection': 'REDACTED'
    'Set-Cookie': 'REDACTED'
    'Set-Cookie': 'REDACTED'
    'Set-Cookie': 'REDACTED'
    'Date': 'Mon, 01 Sep 2025 15:03:50 GMT'
    'Content-Length': '2126'
2025-09-01 15:03:51,416 , INFO , ClientSecretCredential.get_token succeeded
2025-09-01 15:03:51,572 , INFO , HTTP Request: GET https://graph.microsoft.com/v1.0//users?$filter=mail%20eq%20%27Victoria.Lowes%40uhd.nhs.uk%27%20or%20other_mails%2Fany%28o%3Ao%20eq%20%27Victoria.Lowes%40uhd.nhs.uk%27%29 "HTTP/2 400 Bad Request"
2025-09-01 15:03:51,592 , INFO , ClientSecretCredential.get_token succeeded
2025-09-01 15:03:51,723 , INFO , HTTP Request: GET https://graph.microsoft.com/v1.0//users?$filter=mail%20eq%20%27Grace.Maughan%40uhd.nhs.uk%27%20or%20other_mails%2Fany%28o%3Ao%20eq%20%27Grace.Maughan%40uhd.nhs.uk%27%29 "HTTP/2 400 Bad Request"
2025-09-01 15:03:51,725 , INFO , ClientSecretCredential.get_token succeeded
2025-09-01 15:03:51,845 , INFO , HTTP Request: GET https://graph.microsoft.com/v1.0//users?$filter=mail%20eq%20%27jordan.butler%40dhc.nhs.uk%27%20or%20other_mails%2Fany%28o%3Ao%20eq%20%27jordan.butler%40dhc.nhs.uk%27%29 "HTTP/2 400 Bad Request"
2025-09-01 15:08:53,185 , INFO , Request URL: 'https://login.microsoftonline.com/1f4a5522-5f5a-4974-8d95-9a032f4cf2e5/oauth2/v2.0/token'
Request method: 'POST'
Request headers:
    'Content-Type': 'application/x-www-form-urlencoded'
    'User-Agent': 'azsdk-python-identity/1.24.0 Python/3.13.5 (Windows-11-10.0.22621-SP0)'
A body is sent with the request
2025-09-01 15:08:53,319 , INFO , Response status: 200
Response headers:
    'Cache-Control': 'no-store, no-cache'
    'Pragma': 'no-cache'
    'Content-Type': 'application/json; charset=utf-8'
    'Expires': '-1'
    'Strict-Transport-Security': 'REDACTED'
    'X-Content-Type-Options': 'REDACTED'
    'P3P': 'REDACTED'
    'x-ms-request-id': '4126b5f1-0ff6-45ce-a160-9d2788d90900'
    'x-ms-ests-server': 'REDACTED'
    'x-ms-srs': 'REDACTED'
    'Content-Security-Policy-Report-Only': 'REDACTED'
    'X-XSS-Protection': 'REDACTED'
    'Set-Cookie': 'REDACTED'
    'Set-Cookie': 'REDACTED'
    'Set-Cookie': 'REDACTED'
    'Date': 'Mon, 01 Sep 2025 15:08:52 GMT'
    'Content-Length': '2131'
2025-09-01 15:08:53,321 , INFO , ClientSecretCredential.get_token succeeded
2025-09-01 15:08:53,426 , INFO , HTTP Request: GET https://graph.microsoft.com/v1.0//users?$filter=mail%20eq%20%27Victoria.Lowes%40uhd.nhs.uk%27%20or%20otherMails%2Fany%28o%3Ao%20eq%20%27Victoria.Lowes%40uhd.nhs.uk%27%29 "HTTP/2 200 OK"
2025-09-01 15:08:54,972 , INFO , user id is c0580b0b-8670-48b0-8937-639d5d979a00, user nanme is Lowes, Victoria and user email is Victoria.Lowes@uhd.nhs.uk
2025-09-01 15:08:54,979 , INFO , ClientSecretCredential.get_token succeeded
2025-09-01 15:08:55,130 , INFO , HTTP Request: PATCH https://graph.microsoft.com/v1.0//users/c0580b0b-8670-48b0-8937-639d5d979a00 "HTTP/2 204 No Content"
2025-09-01 15:08:55,131 , INFO , updated Victoria.Lowes@uhd.nhs.uk to victoria.lowes3@nhs.net
2025-09-01 15:08:55,145 , INFO , ClientSecretCredential.get_token succeeded
2025-09-01 15:08:58,886 , INFO , HTTP Request: POST https://graph.microsoft.com/v1.0//invitations "HTTP/2 201 Created"
2025-09-01 15:08:58,938 , INFO , Successfully sent invitation to victoria.lowes3@nhs.net
2025-09-01 15:08:58,939 , INFO , ClientSecretCredential.get_token succeeded
2025-09-01 15:08:58,993 , INFO , HTTP Request: GET https://graph.microsoft.com/v1.0//users?$filter=mail%20eq%20%27Grace.Maughan%40uhd.nhs.uk%27%20or%20otherMails%2Fany%28o%3Ao%20eq%20%27Grace.Maughan%40uhd.nhs.uk%27%29 "HTTP/2 200 OK"
2025-09-01 15:08:58,998 , INFO , user id is bbcd025a-dcf9-409d-806b-43cad1fa775b, user nanme is Maughan, Grace and user email is Grace.Maughan@uhd.nhs.uk
2025-09-01 15:08:58,999 , INFO , ClientSecretCredential.get_token succeeded
2025-09-01 15:08:59,168 , INFO , HTTP Request: PATCH https://graph.microsoft.com/v1.0//users/bbcd025a-dcf9-409d-806b-43cad1fa775b "HTTP/2 204 No Content"
2025-09-01 15:08:59,168 , INFO , updated Grace.Maughan@uhd.nhs.uk to g.maughan@nhs.net
2025-09-01 15:08:59,170 , INFO , ClientSecretCredential.get_token succeeded
2025-09-01 15:09:02,077 , INFO , HTTP Request: POST https://graph.microsoft.com/v1.0//invitations "HTTP/2 201 Created"
2025-09-01 15:09:02,083 , INFO , Successfully sent invitation to g.maughan@nhs.net
2025-09-01 15:09:02,084 , INFO , ClientSecretCredential.get_token succeeded
2025-09-01 15:09:02,143 , INFO , HTTP Request: GET https://graph.microsoft.com/v1.0//users?$filter=mail%20eq%20%27jordan.butler%40dhc.nhs.uk%27%20or%20otherMails%2Fany%28o%3Ao%20eq%20%27jordan.butler%40dhc.nhs.uk%27%29 "HTTP/2 200 OK"
2025-09-01 15:09:02,150 , INFO , user id is 9d4ad9f7-260d-498c-8731-cf16cf42a21e, user nanme is JORDAN BUTLER (DHC) and user email is jordan.butler2@nhs.net
2025-09-01 15:09:02,151 , INFO , ClientSecretCredential.get_token succeeded
2025-09-01 15:09:02,300 , INFO , HTTP Request: PATCH https://graph.microsoft.com/v1.0//users/9d4ad9f7-260d-498c-8731-cf16cf42a21e "HTTP/2 204 No Content"
2025-09-01 15:09:02,300 , INFO , updated jordan.butler@dhc.nhs.uk to jordan.butler2@nhs.net
2025-09-01 15:09:02,302 , INFO , ClientSecretCredential.get_token succeeded
2025-09-01 15:09:04,937 , INFO , HTTP Request: POST https://graph.microsoft.com/v1.0//invitations "HTTP/2 201 Created"
2025-09-01 15:09:04,943 , INFO , Successfully sent invitation to jordan.butler2@nhs.net
2025-09-01 15:33:51,842 , INFO , Request URL: 'https://login.microsoftonline.com/1f4a5522-5f5a-4974-8d95-9a032f4cf2e5/oauth2/v2.0/token'
Request method: 'POST'
Request headers:
    'Content-Type': 'application/x-www-form-urlencoded'
    'User-Agent': 'azsdk-python-identity/1.24.0 Python/3.13.5 (Windows-11-10.0.22621-SP0)'
A body is sent with the request
2025-09-01 15:33:51,953 , INFO , Response status: 200
Response headers:
    'Cache-Control': 'no-store, no-cache'
    'Pragma': 'no-cache'
    'Content-Type': 'application/json; charset=utf-8'
    'Expires': '-1'
    'Strict-Transport-Security': 'REDACTED'
    'X-Content-Type-Options': 'REDACTED'
    'P3P': 'REDACTED'
    'x-ms-request-id': 'b31bdf61-37ec-42f9-9817-a2f101d81300'
    'x-ms-ests-server': 'REDACTED'
    'x-ms-srs': 'REDACTED'
    'Content-Security-Policy-Report-Only': 'REDACTED'
    'X-XSS-Protection': 'REDACTED'
    'Set-Cookie': 'REDACTED'
    'Set-Cookie': 'REDACTED'
    'Set-Cookie': 'REDACTED'
    'Date': 'Mon, 01 Sep 2025 15:33:51 GMT'
    'Content-Length': '2131'
2025-09-01 15:33:51,955 , INFO , ClientSecretCredential.get_token succeeded
2025-09-01 15:33:52,048 , INFO , HTTP Request: GET https://graph.microsoft.com/v1.0//users?$filter=mail%20eq%20%27Victoria.Lowes%40uhd.nhs.uk%27%20or%20otherMails%2Fany%28o%3Ao%20eq%20%27Victoria.Lowes%40uhd.nhs.uk%27%29 "HTTP/2 200 OK"
2025-09-01 15:33:53,523 , INFO , user id is c0580b0b-8670-48b0-8937-639d5d979a00, user nanme is Lowes, Victoria and user email is victoria.lowes3@nhs.net
2025-09-01 15:33:53,529 , INFO , ClientSecretCredential.get_token succeeded
2025-09-01 15:33:53,581 , INFO , HTTP Request: PATCH https://graph.microsoft.com/v1.0//users/c0580b0b-8670-48b0-8937-639d5d979a00 "HTTP/2 204 No Content"
2025-09-01 15:33:53,581 , INFO , updated Victoria.Lowes@uhd.nhs.uk to victoria.lowes3@nhs.net
2025-09-01 15:34:23,604 , INFO , Request URL: 'https://login.microsoftonline.com/1f4a5522-5f5a-4974-8d95-9a032f4cf2e5/oauth2/v2.0/token'
Request method: 'POST'
Request headers:
    'Content-Type': 'application/x-www-form-urlencoded'
    'User-Agent': 'azsdk-python-identity/1.24.0 Python/3.13.5 (Windows-11-10.0.22621-SP0)'
A body is sent with the request
2025-09-01 15:34:23,725 , INFO , Response status: 200
Response headers:
    'Cache-Control': 'no-store, no-cache'
    'Pragma': 'no-cache'
    'Content-Type': 'application/json; charset=utf-8'
    'Expires': '-1'
    'Strict-Transport-Security': 'REDACTED'
    'X-Content-Type-Options': 'REDACTED'
    'P3P': 'REDACTED'
    'x-ms-request-id': '69310afa-d589-468a-8533-bf3fe3ac0b00'
    'x-ms-ests-server': 'REDACTED'
    'x-ms-srs': 'REDACTED'
    'Content-Security-Policy-Report-Only': 'REDACTED'
    'X-XSS-Protection': 'REDACTED'
    'Set-Cookie': 'REDACTED'
    'Set-Cookie': 'REDACTED'
    'Set-Cookie': 'REDACTED'
    'Date': 'Mon, 01 Sep 2025 15:34:23 GMT'
    'Content-Length': '2131'
2025-09-01 15:34:23,727 , INFO , ClientSecretCredential.get_token succeeded
2025-09-01 15:34:23,795 , INFO , HTTP Request: GET https://graph.microsoft.com/v1.0//users?$filter=mail%20eq%20%27Victoria.Lowes%40uhd.nhs.uk%27%20or%20otherMails%2Fany%28o%3Ao%20eq%20%27Victoria.Lowes%40uhd.nhs.uk%27%29 "HTTP/2 200 OK"
2025-09-01 15:34:25,271 , INFO , user id is c0580b0b-8670-48b0-8937-639d5d979a00, user nanme is Lowes, Victoria and user email is victoria.lowes3@nhs.net
2025-09-01 15:34:25,278 , INFO , ClientSecretCredential.get_token succeeded
2025-09-01 15:34:25,339 , INFO , HTTP Request: PATCH https://graph.microsoft.com/v1.0//users/c0580b0b-8670-48b0-8937-639d5d979a00 "HTTP/2 204 No Content"
2025-09-01 15:34:25,340 , INFO , updated Victoria.Lowes@uhd.nhs.uk to victoria.lowes3@nhs.net
2025-09-01 15:34:25,348 , INFO , ClientSecretCredential.get_token succeeded
2025-09-01 15:34:27,721 , INFO , HTTP Request: POST https://graph.microsoft.com/v1.0//invitations "HTTP/2 201 Created"
2025-09-01 15:34:27,733 , INFO , Successfully sent invitation to victoria.lowes3@nhs.net
2025-09-01 15:34:27,734 , INFO , ClientSecretCredential.get_token succeeded
2025-09-01 15:34:27,792 , INFO , HTTP Request: GET https://graph.microsoft.com/v1.0//users?$filter=mail%20eq%20%27Grace.Maughan%40uhd.nhs.uk%27%20or%20otherMails%2Fany%28o%3Ao%20eq%20%27Grace.Maughan%40uhd.nhs.uk%27%29 "HTTP/2 200 OK"
2025-09-01 15:34:27,799 , INFO , user id is bbcd025a-dcf9-409d-806b-43cad1fa775b, user nanme is Maughan, Grace and user email is g.maughan@nhs.net
2025-09-01 15:34:27,800 , INFO , ClientSecretCredential.get_token succeeded
2025-09-01 15:34:27,850 , INFO , HTTP Request: PATCH https://graph.microsoft.com/v1.0//users/bbcd025a-dcf9-409d-806b-43cad1fa775b "HTTP/2 204 No Content"
2025-09-01 15:34:27,851 , INFO , updated Grace.Maughan@uhd.nhs.uk to g.maughan@nhs.net
2025-09-01 15:34:27,854 , INFO , ClientSecretCredential.get_token succeeded
2025-09-01 15:34:30,045 , INFO , HTTP Request: POST https://graph.microsoft.com/v1.0//invitations "HTTP/2 201 Created"
2025-09-01 15:34:30,051 , INFO , Successfully sent invitation to g.maughan@nhs.net
2025-09-01 15:34:30,052 , INFO , ClientSecretCredential.get_token succeeded
2025-09-01 15:34:30,111 , INFO , HTTP Request: GET https://graph.microsoft.com/v1.0//users?$filter=mail%20eq%20%27jordan.butler%40dhc.nhs.uk%27%20or%20otherMails%2Fany%28o%3Ao%20eq%20%27jordan.butler%40dhc.nhs.uk%27%29 "HTTP/2 200 OK"
2025-09-01 15:34:30,116 , INFO , user id is 9d4ad9f7-260d-498c-8731-cf16cf42a21e, user nanme is JORDAN BUTLER (DHC) and user email is jordan.butler2@nhs.net
2025-09-01 15:34:30,117 , INFO , ClientSecretCredential.get_token succeeded
2025-09-01 15:34:30,172 , INFO , HTTP Request: PATCH https://graph.microsoft.com/v1.0//users/9d4ad9f7-260d-498c-8731-cf16cf42a21e "HTTP/2 204 No Content"
2025-09-01 15:34:30,172 , INFO , updated jordan.butler@dhc.nhs.uk to jordan.butler2@nhs.net
2025-09-01 15:34:30,173 , INFO , ClientSecretCredential.get_token succeeded
2025-09-01 15:34:32,207 , INFO , HTTP Request: POST https://graph.microsoft.com/v1.0//invitations "HTTP/2 201 Created"
2025-09-01 15:34:32,214 , INFO , Successfully sent invitation to jordan.butler2@nhs.net
